  TimerThread.cpp
C:\Users\user\Desktop\GSP\GameServer\TimerThread.cpp(127,44): warning C4838: 'uint32'에서 'int'(으)로의 변환에는 축소 변환이 필요합니다.
  WorkerThread.cpp
C:\Users\user\Desktop\GSP\GameServer\WorkerThread.cpp(134,31): warning C4244: '인수': 'ULONG_PTR'에서 'uint32'(으)로 변환하면서 데이터가 손실될 수 있습니다.
C:\Users\user\Desktop\GSP\GameServer\WorkerThread.cpp(161,19): warning C4244: '인수': 'ULONG_PTR'에서 'uint32'(으)로 변환하면서 데이터가 손실될 수 있습니다.
C:\Users\user\Desktop\GSP\GameServer\WorkerThread.cpp(162,58): warning C4244: '인수': 'ULONG_PTR'에서 'uint32'(으)로 변환하면서 데이터가 손실될 수 있습니다.
C:\Users\user\Desktop\GSP\GameServer\WorkerThread.cpp(163,35): warning C4244: '인수': 'ULONG_PTR'에서 'uint32'(으)로 변환하면서 데이터가 손실될 수 있습니다.
C:\Users\user\Desktop\GSP\GameServer\WorkerThread.cpp(183,31): warning C4244: '인수': 'ULONG_PTR'에서 'uint32'(으)로 변환하면서 데이터가 손실될 수 있습니다.
C:\Users\user\Desktop\GSP\GameServer\WorkerThread.cpp(194,31): warning C4838: 'ULONG_PTR'에서 'int'(으)로의 변환에는 축소 변환이 필요합니다.
C:\Users\user\Desktop\GSP\GameServer\WorkerThread.cpp(194,31): warning C4244: '초기화 중': 'ULONG_PTR'에서 'int'(으)로 변환하면서 데이터가 손실될 수 있습니다.
C:\Users\user\Desktop\GSP\GameServer\WorkerThread.cpp(220,19): warning C4244: '인수': 'ULONG_PTR'에서 'uint32'(으)로 변환하면서 데이터가 손실될 수 있습니다.
C:\Users\user\Desktop\GSP\GameServer\WorkerThread.cpp(221,58): warning C4244: '인수': 'ULONG_PTR'에서 'uint32'(으)로 변환하면서 데이터가 손실될 수 있습니다.
C:\Users\user\Desktop\GSP\GameServer\WorkerThread.cpp(222,35): warning C4244: '인수': 'ULONG_PTR'에서 'uint32'(으)로 변환하면서 데이터가 손실될 수 있습니다.
C:\Users\user\Desktop\GSP\GameServer\WorkerThread.cpp(254,19): warning C4244: '인수': 'ULONG_PTR'에서 'uint32'(으)로 변환하면서 데이터가 손실될 수 있습니다.
C:\Users\user\Desktop\GSP\GameServer\WorkerThread.cpp(255,22): warning C4244: '인수': 'ULONG_PTR'에서 'uint32'(으)로 변환하면서 데이터가 손실될 수 있습니다.
C:\Users\user\Desktop\GSP\GameServer\WorkerThread.cpp(260,24): warning C4838: 'ULONG_PTR'에서 'int'(으)로의 변환에는 축소 변환이 필요합니다.
C:\Users\user\Desktop\GSP\GameServer\WorkerThread.cpp(260,24): warning C4244: '초기화 중': 'ULONG_PTR'에서 'int'(으)로 변환하면서 데이터가 손실될 수 있습니다.
C:\Users\user\Desktop\GSP\GameServer\WorkerThread.cpp(269,25): warning C4244: '인수': 'ULONG_PTR'에서 'uint32'(으)로 변환하면서 데이터가 손실될 수 있습니다.
C:\Users\user\Desktop\GSP\GameServer\WorkerThread.cpp(270,21): warning C4838: 'ULONG_PTR'에서 'int'(으)로의 변환에는 축소 변환이 필요합니다.
C:\Users\user\Desktop\GSP\GameServer\WorkerThread.cpp(270,21): warning C4244: '초기화 중': 'ULONG_PTR'에서 'int'(으)로 변환하면서 데이터가 손실될 수 있습니다.
C:\Users\user\Desktop\GSP\GameServer\WorkerThread.cpp(289,33): warning C4244: '인수': 'ULONG_PTR'에서 'uint32'(으)로 변환하면서 데이터가 손실될 수 있습니다.
C:\Users\user\Desktop\GSP\GameServer\WorkerThread.cpp(319,18): warning C4244: '인수': 'ULONG_PTR'에서 'uint32'(으)로 변환하면서 데이터가 손실될 수 있습니다.
C:\Users\user\Desktop\GSP\GameServer\WorkerThread.cpp(320,43): warning C4244: '인수': 'ULONG_PTR'에서 'uint32'(으)로 변환하면서 데이터가 손실될 수 있습니다.
C:\Users\user\Desktop\GSP\GameServer\WorkerThread.cpp(409,30): warning C4838: 'uint32'에서 'int'(으)로의 변환에는 축소 변환이 필요합니다.
C:\Users\user\Desktop\GSP\GameServer\WorkerThread.cpp(617,25): warning C4838: 'uint32'에서 'int'(으)로의 변환에는 축소 변환이 필요합니다.
C:\Users\user\Desktop\GSP\GameServer\WorkerThread.cpp(633,29): warning C4838: 'uint32'에서 'int'(으)로의 변환에는 축소 변환이 필요합니다.
  코드를 생성하고 있습니다...
  GameServer.vcxproj -> C:\Users\user\Desktop\GSP\Binary\Debug\GameServer.exe
